This is pdfTeX, Version 3.14159265-2.6-1.40.16 (TeX Live 2015/Debian) (preloaded format=pdflatex 2016.1.30)  31 AUG 2016 16:00
entering extended mode
 restricted \write18 enabled.
 file:line:error style messages enabled.
 %&-line parsing enabled.
**matriz_ejemplo1.tex
(./matriz_ejemplo1.tex
LaTeX2e <2015/01/01>
Babel <3.9l> and hyphenation patterns for 2 languages loaded.

./matriz_ejemplo1.tex:13: LaTeX Error: Environment tikzpicture undefined.

See the LaTeX manual or LaTeX Companion for explanation.
Type  H <return>  for immediate help.
 ...                                              
                                                  
l.13 \begin{tikzpicture}
                        
? 
./matriz_ejemplo1.tex:13: Emergency stop.
 ...                                              
                                                  
l.13 \begin{tikzpicture}
                        
Your command was ignored.
Type  I <command> <return>  to replace it with another command,
or  <return>  to continue without it.

 
Here is how much of TeX's memory you used:
 7 strings out of 495000
 319 string characters out of 6181169
 46205 words of memory out of 5000000
 3341 multiletter control sequences out of 15000+600000
 3640 words of font info for 14 fonts, out of 8000000 for 9000
 14 hyphenation exceptions out of 8191
 5i,0n,4p,68b,16s stack positions out of 5000i,500n,10000p,200000b,80000s
./matriz_ejemplo1.tex:13:  ==> Fatal error occurred, no output PDF file produce
d!
